#
# A fatal error has been detected by the Java Runtime Environment:
#
#  SIGSEGV (0xb) at pc=0x0000000107769ac2, pid=10325, tid=0x0000000000000307
#
# JRE version: Java(TM) SE Runtime Environment (8.0_111-b14) (build 1.8.0_111-b14)
# Java VM: Java HotSpot(TM) 64-Bit Server VM (25.111-b14 mixed mode bsd-amd64 compressed oops)
# Problematic frame:
# V  [libjvm.dylib+0x169ac2]  ThreadStateTransition::trans_from_native(JavaThreadState)+0xa
#
# Failed to write core dump. Core dumps have been disabled. To enable core dumping, try "ulimit -c unlimited" before starting Java again
#
# If you would like to submit a bug report, please visit:
#   http://bugreport.java.com/bugreport/crash.jsp
#

---------------  T H R E A D  ---------------

Current thread is native thread

siginfo: si_signo: 11 (SIGSEGV), si_code: 1 (SEGV_MAPERR), si_addr: 0x0000000000000270

Registers:
RAX=0x0000000000000000, RBX=0x0000000000000000, RCX=0x0000000107913777, RDX=0x00007fbd708fb9f8
RSP=0x00007ffee8f2c9a0, RBP=0x00007ffee8f2c9b0, RSI=0x0000000000000006, RDI=0x00007ffee8f2c9f0
R8 =0x0000000000000472, R9 =0x0000000000000000, R10=0x00007fff93b22e88, R11=0x00007fbd72d53a10
R12=0x00007fbd708fb9f8, R13=0x00007fbd715020c0, R14=0x00007fbd708fb9f8, R15=0x0000000000000000
RIP=0x0000000107769ac2, EFLAGS=0x0000000000010246, ERR=0x0000000000000006
  TRAPNO=0x000000000000000e

Top of Stack: (sp=0x00007ffee8f2c9a0)
0x00007ffee8f2c9a0:   00007fbd7131eef8 00007fbd708fb9f8
0x00007ffee8f2c9b0:   00007ffee8f2ca10 00000001079137a7
0x00007ffee8f2c9c0:   00007fbd71666c10 00007fbd72d407c0
0x00007ffee8f2c9d0:   00007fbd73d2c400 00007fbd72d407c0
0x00007ffee8f2c9e0:   00007ffee8f2ca10 0000000122e126e9
0x00007ffee8f2c9f0:   0000000000000000 00007fbd71666c10
0x00007ffee8f2ca00:   00007fbd73d2c400 00007fbd72d407c0
0x00007ffee8f2ca10:   00007ffee8f2ca70 0000000124d1c8d5
0x00007ffee8f2ca20:   00007fbd73d2c400 0000000000000000
0x00007ffee8f2ca30:   40c925cd11324ed5 00007fbd72d41150
0x00007ffee8f2ca40:   00007ffee8f2ca70 00007fbd72d407c0
0x00007ffee8f2ca50:   00007fbd72d407c0 00007fbd715020c0
0x00007ffee8f2ca60:   00007fff66939a00 00007fbd72d41150
0x00007ffee8f2ca70:   00007ffee8f2cb20 00007fff4582edee
0x00007ffee8f2ca80:   0000000000000000 0000000000000000
0x00007ffee8f2ca90:   00007fbd72d407c0 0000000000000000
0x00007ffee8f2caa0:   000000047015da00 0000000000000000
0x00007ffee8f2cab0:   40c925cd11324ed5 00007fbd6ec46850
0x00007ffee8f2cac0:   00007fbd72d407c0 0000000000000000
0x00007ffee8f2cad0:   00007fbd72d407c0 00007ffee8f2caf8
0x00007ffee8f2cae0:   00007ffee8f2cb20 00007fff4582e5fe
0x00007ffee8f2caf0:   c3e16fc5588000b7 00007fff66939a00
0x00007ffee8f2cb00:   0000000000000004 0000000000000000
0x00007ffee8f2cb10:   00007fbd72d407c0 00007fff3890aef5
0x00007ffee8f2cb20:   00007ffee8f2cba0 00007fff4582e3ca
0x00007ffee8f2cb30:   00000bb61261b764 408bc00000000000
0x00007ffee8f2cb40:   4091c80000000000 3ff0000000000000
0x00007ffee8f2cb50:   0000000000000000 0000000000000000
0x00007ffee8f2cb60:   4091c80000000000 408bc00000000000
0x00007ffee8f2cb70:   c3e16fc5588000b7 00007ffee8f2cc70
0x00007ffee8f2cb80:   00007fbd715016c0 00007fff66939a00
0x00007ffee8f2cb90:   00007fbd7015da00 00007fff3890d032 

Instructions: (pc=0x0000000107769ac2)
0x0000000107769aa2:   0e 48 8b 0b 49 8b 56 18 48 63 c0 48 89 0c c2 5b
0x0000000107769ab2:   41 5e 5d c3 90 90 55 48 89 e5 41 56 53 48 8b 1f
0x0000000107769ac2:   c7 83 70 02 00 00 05 00 00 00 48 8d 05 e5 57 78
0x0000000107769ad2:   00 8b 00 83 f8 01 41 89 f6 75 0c 48 8d 0d 32 c3 

Register to memory mapping:

RAX=0x0000000000000000 is an unknown value
RBX=0x0000000000000000 is an unknown value
RCX=0x0000000107913777: jni_NewLocalRef+0 in /Library/Java/JavaVirtualMachines/jdk1.8.0_111.jdk/Contents/Home/jre/lib/server/libjvm.dylib at 0x0000000107600000
RDX=0x00007fbd708fb9f8 is an unknown value
RSP=0x00007ffee8f2c9a0 is an unknown value
RBP=0x00007ffee8f2c9b0 is an unknown value
RSI=0x0000000000000006 is an unknown value
RDI=0x00007ffee8f2c9f0 is an unknown value
R8 =0x0000000000000472 is an unknown value
R9 =0x0000000000000000 is an unknown value
R10=0x00007fff93b22e88: OBJC_CLASS_$_JNFJObjectWrapper+0 in /System/Library/Frameworks/JavaVM.framework/Versions/A/Frameworks/JavaNativeFoundation.framework/Versions/A/JavaNativeFoundation at 0x00007fff3e98b000
R11=0x00007fbd72d53a10 is an unknown value
R12=0x00007fbd708fb9f8 is an unknown value
R13=0x00007fbd715020c0 is an unknown value
R14=0x00007fbd708fb9f8 is an unknown value
R15=0x0000000000000000 is an unknown value


Stack: [0x00007ffee8731000,0x00007ffee8f31000],  sp=0x00007ffee8f2c9a0,  free space=8174k
Native frames: (J=compiled Java code, j=interpreted, Vv=VM code, C=native code)
V  [libjvm.dylib+0x169ac2]  ThreadStateTransition::trans_from_native(JavaThreadState)+0xa
V  [libjvm.dylib+0x3137a7]  jni_NewLocalRef+0x30
C  [libawt_lwawt.dylib+0x198d5]  -[CGLLayer drawInCGLContext:pixelFormat:forLayerTime:displayTime:]+0xee
C  [QuartzCore+0xb1dee]  CAOpenGLLayerDraw(CAOpenGLLayer*, double, CVTimeStamp const*, unsigned int)+0x7b6
C  [QuartzCore+0xb13ca]  -[CAOpenGLLayer _display]+0x243
C  [QuartzCore+0x14258]  CA::Layer::display_if_needed(CA::Transaction*)+0x27a
C  [QuartzCore+0x24cb]  CA::Context::commit_transaction(CA::Transaction*)+0x13f
C  [QuartzCore+0x1da8]  CA::Transaction::commit()+0x240
C  [QuartzCore+0x1ab4]  CA::Transaction::observer_callback(__CFRunLoopObserver*, unsigned long, void*)+0x42
C  [CoreFoundation+0x998ed]  __CFRUNLOOP_IS_CALLING_OUT_TO_AN_OBSERVER_CALLBACK_FUNCTION__+0x17
C  [CoreFoundation+0x99822]  __CFRunLoopDoObservers+0x1c4
C  [CoreFoundation+0x3b474]  __CFRunLoopRun+0x5bd
C  [CoreFoundation+0x3ac64]  CFRunLoopRunSpecific+0x1cf
C  [java+0x6465]  CreateExecutionEnvironment+0x367
C  [java+0x218c]  JLI_Launch+0x7a0
C  [java+0x84c2]  main+0x65
C  [java+0x19e4]  start+0x34


---------------  P R O C E S S  ---------------

VM state:not at safepoint (normal execution)

VM Mutex/Monitor currently owned by a thread: None

Heap:
 PSYoungGen      total 49152K, used 38454K [0x0000000795580000, 0x000000079a880000, 0x00000007c0000000)
  eden space 44032K, 87% used [0x0000000795580000,0x0000000797b0d8a8,0x0000000798080000)
  from space 5120K, 0% used [0x0000000798080000,0x0000000798080000,0x0000000798580000)
  to   space 10752K, 0% used [0x0000000799e00000,0x0000000799e00000,0x000000079a880000)
 ParOldGen       total 103936K, used 18425K [0x0000000740000000, 0x0000000746580000, 0x0000000795580000)
  object space 103936K, 17% used [0x0000000740000000,0x00000007411fe598,0x0000000746580000)
 Metaspace       used 40585K, capacity 42286K, committed 42624K, reserved 1085440K
  class space    used 5596K, capacity 5915K, committed 6016K, reserved 1048576K

Card table byte_map: [0x0000000108961000,0x0000000108d62000] byte_map_base: 0x0000000104f61000

Marking Bits: (ParMarkBitMap*) 0x0000000107eefd20
 Begin Bits: [0x00000001191a2000, 0x000000011b1a2000)
 End Bits:   [0x000000011b1a2000, 0x000000011d1a2000)

Polling page: 0x0000000106d6f000

CodeCache: size=245760Kb used=16728Kb max_used=16729Kb free=229031Kb
 bounds [0x000000010a1a2000, 0x000000010b212000, 0x00000001191a2000]
 total_blobs=6319 nmethods=5416 adapters=814
 compilation: enabled

Compilation events (10 events):
Event: 34.978 Thread 0x00007fbd6f803000 6057       3       sun.java2d.pipe.DrawImage::blitSurfaceData (145 bytes)
Event: 34.979 Thread 0x00007fbd6f803000 nmethod 6057 0x000000010b206dd0 code [0x000000010b207020, 0x000000010b207f98]
Event: 34.979 Thread 0x00007fbd6f803000 6056       3       javax.swing.JComponent::isDoubleBuffered (6 bytes)
Event: 34.979 Thread 0x00007fbd6f803000 nmethod 6056 0x000000010b208690 code [0x000000010b208800, 0x000000010b208a10]
Event: 34.982 Thread 0x00007fbd6f803000 6058  s    3       javax.swing.RepaintManager::getPaintManager (107 bytes)
Event: 34.982 Thread 0x00007fbd70002800 6060       4       javax.swing.JComponent::getX (5 bytes)
Event: 34.983 Thread 0x00007fbd70002800 nmethod 6060 0x000000010b068b90 code [0x000000010b068ce0, 0x000000010b068d38]
Event: 34.984 Thread 0x00007fbd6f803000 nmethod 6058 0x000000010b20a550 code [0x000000010b20a760, 0x000000010b20b2f8]
Event: 34.984 Thread 0x00007fbd6f803000 6059       3       sun.java2d.pipe.BufferedContext::setSurfaces (49 bytes)
Event: 34.986 Thread 0x00007fbd6f803000 nmethod 6059 0x000000010b208f50 code [0x000000010b209140, 0x000000010b209f28]

GC Heap History (10 events):
Event: 5.876 GC heap before
{Heap before GC invocations=3 (full 1):
 PSYoungGen      total 38400K, used 5088K [0x0000000795580000, 0x0000000798000000, 0x00000007c0000000)
  eden space 33280K, 0% used [0x0000000795580000,0x0000000795580000,0x0000000797600000)
  from space 5120K, 99% used [0x0000000797b00000,0x0000000797ff8040,0x0000000798000000)
  to   space 5120K, 0% used [0x0000000797600000,0x0000000797600000,0x0000000797b00000)
 ParOldGen       total 87552K, used 2996K [0x0000000740000000, 0x0000000745580000, 0x0000000795580000)
  object space 87552K, 3% used [0x0000000740000000,0x00000007402ed228,0x0000000745580000)
 Metaspace       used 19896K, capacity 21174K, committed 21296K, reserved 1067008K
  class space    used 2985K, capacity 3245K, committed 3328K, reserved 1048576K
Event: 5.938 GC heap after
Heap after GC invocations=3 (full 1):
 PSYoungGen      total 38400K, used 0K [0x0000000795580000, 0x0000000798000000, 0x00000007c0000000)
  eden space 33280K, 0% used [0x0000000795580000,0x0000000795580000,0x0000000797600000)
  from space 5120K, 0% used [0x0000000797b00000,0x0000000797b00000,0x0000000798000000)
  to   space 5120K, 0% used [0x0000000797600000,0x0000000797600000,0x0000000797b00000)
 ParOldGen       total 64512K, used 7780K [0x0000000740000000, 0x0000000743f00000, 0x0000000795580000)
  object space 64512K, 12% used [0x0000000740000000,0x0000000740799168,0x0000000743f00000)
 Metaspace       used 19896K, capacity 21174K, committed 21296K, reserved 1067008K
  class space    used 2985K, capacity 3245K, committed 3328K, reserved 1048576K
}
Event: 21.897 GC heap before
{Heap before GC invocations=4 (full 1):
 PSYoungGen      total 38400K, used 33280K [0x0000000795580000, 0x0000000798000000, 0x00000007c0000000)
  eden space 33280K, 100% used [0x0000000795580000,0x0000000797600000,0x0000000797600000)
  from space 5120K, 0% used [0x0000000797b00000,0x0000000797b00000,0x0000000798000000)
  to   space 5120K, 0% used [0x0000000797600000,0x0000000797600000,0x0000000797b00000)
 ParOldGen       total 64512K, used 7780K [0x0000000740000000, 0x0000000743f00000, 0x0000000795580000)
  object space 64512K, 12% used [0x0000000740000000,0x0000000740799168,0x0000000743f00000)
 Metaspace       used 26831K, capacity 28320K, committed 28672K, reserved 1073152K
  class space    used 3779K, capacity 4070K, committed 4096K, reserved 1048576K
Event: 21.905 GC heap after
Heap after GC invocations=4 (full 1):
 PSYoungGen      total 38400K, used 5088K [0x0000000795580000, 0x0000000798a80000, 0x00000007c0000000)
  eden space 33280K, 0% used [0x0000000795580000,0x0000000795580000,0x0000000797600000)
  from space 5120K, 99% used [0x0000000797600000,0x0000000797af8020,0x0000000797b00000)
  to   space 5120K, 0% used [0x0000000798580000,0x0000000798580000,0x0000000798a80000)
 ParOldGen       total 64512K, used 10382K [0x0000000740000000, 0x0000000743f00000, 0x0000000795580000)
  object space 64512K, 16% used [0x0000000740000000,0x0000000740a23ac8,0x0000000743f00000)
 Metaspace       used 26831K, capacity 28320K, committed 28672K, reserved 1073152K
  class space    used 3779K, capacity 4070K, committed 4096K, reserved 1048576K
}
Event: 22.386 GC heap before
{Heap before GC invocations=5 (full 1):
 PSYoungGen      total 38400K, used 38368K [0x0000000795580000, 0x0000000798a80000, 0x00000007c0000000)
  eden space 33280K, 100% used [0x0000000795580000,0x0000000797600000,0x0000000797600000)
  from space 5120K, 99% used [0x0000000797600000,0x0000000797af8020,0x0000000797b00000)
  to   space 5120K, 0% used [0x0000000798580000,0x0000000798580000,0x0000000798a80000)
 ParOldGen       total 64512K, used 10382K [0x0000000740000000, 0x0000000743f00000, 0x0000000795580000)
  object space 64512K, 16% used [0x0000000740000000,0x0000000740a23ac8,0x0000000743f00000)
 Metaspace       used 31119K, capacity 32684K, committed 32896K, reserved 1077248K
  class space    used 4391K, capacity 4712K, committed 4736K, reserved 1048576K
Event: 22.400 GC heap after
Heap after GC invocations=5 (full 1):
 PSYoungGen      total 49152K, used 5088K [0x0000000795580000, 0x0000000799080000, 0x00000007c0000000)
  eden space 44032K, 0% used [0x0000000795580000,0x0000000795580000,0x0000000798080000)
  from space 5120K, 99% used [0x0000000798580000,0x0000000798a78020,0x0000000798a80000)
  to   space 5120K, 0% used [0x0000000798080000,0x0000000798080000,0x0000000798580000)
 ParOldGen       total 64512K, used 15357K [0x0000000740000000, 0x0000000743f00000, 0x0000000795580000)
  object space 64512K, 23% used [0x0000000740000000,0x0000000740eff7c8,0x0000000743f00000)
 Metaspace       used 31119K, capacity 32684K, committed 32896K, reserved 1077248K
  class space    used 4391K, capacity 4712K, committed 4736K, reserved 1048576K
}
Event: 28.361 GC heap before
{Heap before GC invocations=6 (full 1):
 PSYoungGen      total 49152K, used 28405K [0x0000000795580000, 0x0000000799080000, 0x00000007c0000000)
  eden space 44032K, 52% used [0x0000000795580000,0x0000000796c45488,0x0000000798080000)
  from space 5120K, 99% used [0x0000000798580000,0x0000000798a78020,0x0000000798a80000)
  to   space 5120K, 0% used [0x0000000798080000,0x0000000798080000,0x0000000798580000)
 ParOldGen       total 64512K, used 15357K [0x0000000740000000, 0x0000000743f00000, 0x0000000795580000)
  object space 64512K, 23% used [0x0000000740000000,0x0000000740eff7c8,0x0000000743f00000)
 Metaspace       used 33746K, capacity 35320K, committed 35456K, reserved 1079296K
  class space    used 4673K, capacity 4982K, committed 4992K, reserved 1048576K
Event: 28.370 GC heap after
Heap after GC invocations=6 (full 1):
 PSYoungGen      total 49152K, used 5104K [0x0000000795580000, 0x000000079a880000, 0x00000007c0000000)
  eden space 44032K, 0% used [0x0000000795580000,0x0000000795580000,0x0000000798080000)
  from space 5120K, 99% used [0x0000000798080000,0x000000079857c030,0x0000000798580000)
  to   space 10752K, 0% used [0x0000000799e00000,0x0000000799e00000,0x000000079a880000)
 ParOldGen       total 64512K, used 17252K [0x0000000740000000, 0x0000000743f00000, 0x0000000795580000)
  object space 64512K, 26% used [0x0000000740000000,0x00000007410d9228,0x0000000743f00000)
 Metaspace       used 33746K, capacity 35320K, committed 35456K, reserved 1079296K
  class space    used 4673K, capacity 4982K, committed 4992K, reserved 1048576K
}
Event: 28.371 GC heap before
{Heap before GC invocations=7 (full 2):
 PSYoungGen      total 49152K, used 5104K [0x0000000795580000, 0x000000079a880000, 0x00000007c0000000)
  eden space 44032K, 0% used [0x0000000795580000,0x0000000795580000,0x0000000798080000)
  from space 5120K, 99% used [0x0000000798080000,0x000000079857c030,0x0000000798580000)
  to   space 10752K, 0% used [0x0000000799e00000,0x0000000799e00000,0x000000079a880000)
 ParOldGen       total 64512K, used 17252K [0x0000000740000000, 0x0000000743f00000, 0x0000000795580000)
  object space 64512K, 26% used [0x0000000740000000,0x00000007410d9228,0x0000000743f00000)
 Metaspace       used 33746K, capacity 35320K, committed 35456K, reserved 1079296K
  class space    used 4673K, capacity 4982K, committed 4992K, reserved 1048576K
Event: 28.489 GC heap after
Heap after GC invocations=7 (full 2):
 PSYoungGen      total 49152K, used 0K [0x0000000795580000, 0x000000079a880000, 0x00000007c0000000)
  eden space 44032K, 0% used [0x0000000795580000,0x0000000795580000,0x0000000798080000)
  from space 5120K, 0% used [0x0000000798080000,0x0000000798080000,0x0000000798580000)
  to   space 10752K, 0% used [0x0000000799e00000,0x0000000799e00000,0x000000079a880000)
 ParOldGen       total 103936K, used 18425K [0x0000000740000000, 0x0000000746580000, 0x0000000795580000)
  object space 103936K, 17% used [0x0000000740000000,0x00000007411fe598,0x0000000746580000)
 Metaspace       used 33746K, capacity 35320K, committed 35456K, reserved 1079296K
  class space    used 4673K, capacity 4982K, committed 4992K, reserved 1048576K
}

Deoptimization events (10 events):
Event: 22.363 Thread 0x00007fbd708fb800 Uncommon trap: reason=class_check action=maybe_recompile pc=0x000000010af0eea0 method=com.sun.org.apache.xerces.internal.impl.XMLDocumentFragmentScannerImpl.scanEndElement()I @ 145
Event: 22.364 Thread 0x00007fbd708fb800 Uncommon trap: reason=class_check action=maybe_recompile pc=0x000000010af0eea0 method=com.sun.org.apache.xerces.internal.impl.XMLDocumentFragmentScannerImpl.scanEndElement()I @ 145
Event: 28.359 Thread 0x00007fbd708fb800 Uncommon trap: reason=class_check action=maybe_recompile pc=0x000000010af8c364 method=com.sun.org.apache.xerces.internal.impl.XMLDocumentFragmentScannerImpl$FragmentContentDriver.next()I @ 2223
Event: 28.359 Thread 0x00007fbd708fb800 Uncommon trap: reason=class_check action=maybe_recompile pc=0x000000010af8c37c method=com.sun.org.apache.xerces.internal.impl.XMLDocumentFragmentScannerImpl$FragmentContentDriver.next()I @ 439
Event: 28.359 Thread 0x00007fbd708fb800 Uncommon trap: reason=class_check action=maybe_recompile pc=0x000000010af8c37c method=com.sun.org.apache.xerces.internal.impl.XMLDocumentFragmentScannerImpl$FragmentContentDriver.next()I @ 439
Event: 28.359 Thread 0x00007fbd708fb800 Uncommon trap: reason=class_check action=maybe_recompile pc=0x000000010af8c37c method=com.sun.org.apache.xerces.internal.impl.XMLDocumentFragmentScannerImpl$FragmentContentDriver.next()I @ 439
Event: 28.928 Thread 0x00007fbd73a61000 Uncommon trap: reason=bimorphic action=maybe_recompile pc=0x000000010a4a46a8 method=java.util.HashMap.putVal(ILjava/lang/Object;Ljava/lang/Object;ZZ)Ljava/lang/Object; @ 203
Event: 28.946 Thread 0x00007fbd73a61000 Uncommon trap: reason=bimorphic action=maybe_recompile pc=0x000000010a4a46a8 method=java.util.HashMap.putVal(ILjava/lang/Object;Ljava/lang/Object;ZZ)Ljava/lang/Object; @ 203
Event: 28.946 Thread 0x00007fbd73a61000 Uncommon trap: reason=bimorphic action=maybe_recompile pc=0x000000010a4a46a8 method=java.util.HashMap.putVal(ILjava/lang/Object;Ljava/lang/Object;ZZ)Ljava/lang/Object; @ 203
Event: 28.946 Thread 0x00007fbd73a61000 Uncommon trap: reason=bimorphic action=maybe_recompile pc=0x000000010a4a46a8 method=java.util.HashMap.putVal(ILjava/lang/Object;Ljava/lang/Object;ZZ)Ljava/lang/Object; @ 203

Internal exceptions (10 events):
Event: 22.336 Thread 0x00007fbd708fb800 Exception <a 'java/lang/ClassNotFoundException': java/lang/ObjectBeanInfo> (0x00000007970416f8) thrown at [/Users/java_re/workspace/8-2-build-macosx-x86_64/jdk8u111/7883/hotspot/src/share/vm/classfile/systemDictionary.cpp, line 210]
Event: 22.336 Thread 0x00007fbd708fb800 Exception <a 'java/lang/ClassNotFoundException': java/lang/ObjectCustomizer> (0x0000000797044730) thrown at [/Users/java_re/workspace/8-2-build-macosx-x86_64/jdk8u111/7883/hotspot/src/share/vm/classfile/systemDictionary.cpp, line 210]
Event: 22.338 Thread 0x00007fbd708fb800 Exception <a 'java/lang/ArrayIndexOutOfBoundsException'> (0x0000000797048860) thrown at [/Users/java_re/workspace/8-2-build-macosx-x86_64/jdk8u111/7883/hotspot/src/share/vm/runtime/sharedRuntime.cpp, line 605]
Event: 22.338 Thread 0x00007fbd708fb800 Exception <a 'java/lang/ArrayIndexOutOfBoundsException'> (0x000000079704ac78) thrown at [/Users/java_re/workspace/8-2-build-macosx-x86_64/jdk8u111/7883/hotspot/src/share/vm/runtime/sharedRuntime.cpp, line 605]
Event: 22.340 Thread 0x00007fbd708fb800 Exception <a 'java/lang/ClassNotFoundException': net/sf/jasperreports/engine/base/JRBaseElementCustomizer> (0x00000007970540f8) thrown at [/Users/java_re/workspace/8-2-build-macosx-x86_64/jdk8u111/7883/hotspot/src/share/vm/classfile/systemDictionary.cpp, 
Event: 22.346 Thread 0x00007fbd708fb800 Exception <a 'java/lang/ClassNotFoundException': net/sf/jasperreports/engine/design/JRDesignElementCustomizer> (0x00000007970b5d90) thrown at [/Users/java_re/workspace/8-2-build-macosx-x86_64/jdk8u111/7883/hotspot/src/share/vm/classfile/systemDictionary.c
Event: 22.347 Thread 0x00007fbd708fb800 Exception <a 'java/lang/ArrayIndexOutOfBoundsException'> (0x00000007970bf850) thrown at [/Users/java_re/workspace/8-2-build-macosx-x86_64/jdk8u111/7883/hotspot/src/share/vm/runtime/sharedRuntime.cpp, line 605]
Event: 22.347 Thread 0x00007fbd708fb800 Exception <a 'java/lang/ArrayIndexOutOfBoundsException'> (0x00000007970c1028) thrown at [/Users/java_re/workspace/8-2-build-macosx-x86_64/jdk8u111/7883/hotspot/src/share/vm/runtime/sharedRuntime.cpp, line 605]
Event: 22.349 Thread 0x00007fbd708fb800 Exception <a 'java/lang/ClassNotFoundException': net/sf/jasperreports/engine/design/JRDesignTextElementCustomizer> (0x00000007970dcea0) thrown at [/Users/java_re/workspace/8-2-build-macosx-x86_64/jdk8u111/7883/hotspot/src/share/vm/classfile/systemDictiona
Event: 22.355 Thread 0x00007fbd708fb800 Exception <a 'java/lang/ClassNotFoundException': net/sf/jasperreports/engine/design/JRDesignStaticTextCustomizer> (0x0000000797146890) thrown at [/Users/java_re/workspace/8-2-build-macosx-x86_64/jdk8u111/7883/hotspot/src/share/vm/classfile/systemDictionar

Events (10 events):
Event: 34.962 loading class javafx/application/Application done
Event: 34.978 loading class com/sun/javafx/tk/quantum/QuantumRenderer
Event: 34.978 loading class com/sun/javafx/tk/quantum/QuantumRenderer done
Event: 34.978 loading class com/sun/javafx/tk/quantum/QuantumToolkit
Event: 34.978 loading class com/sun/javafx/tk/quantum/QuantumToolkit done
Event: 34.979 Thread 0x00007fbd7011b000 Thread exited: 0x00007fbd7011b000
Event: 34.979 Thread 0x00007fbd70802000 Thread exited: 0x00007fbd70802000
Event: 34.979 Thread 0x00007fbd70167000 Thread exited: 0x00007fbd70167000
Event: 34.979 Thread 0x00007fbd70802000 Thread added: 0x00007fbd70802000
Event: 34.980 Thread 0x00007fbd708fb800 Thread exited: 0x00007fbd708fb800


Dynamic libraries:
0x000000001054e000 	/System/Library/Frameworks/Cocoa.framework/Versions/A/Cocoa
0x000000001054e000 	/System/Library/Frameworks/Security.framework/Versions/A/Security
0x000000001054e000 	/System/Library/Frameworks/ApplicationServices.framework/Versions/A/ApplicationServices
0x000000001054e000 	/usr/lib/libz.1.dylib
0x000000001054e000 	/usr/lib/libSystem.B.dylib
0x000000001054e000 	/usr/lib/libobjc.A.dylib
0x000000001054e000 	/System/Library/Frameworks/CoreFoundation.framework/Versions/A/CoreFoundation
0x000000001054e000 	/System/Library/Frameworks/Foundation.framework/Versions/C/Foundation
0x000000001054e000 	/System/Library/Frameworks/AppKit.framework/Versions/C/AppKit
0x000000001054e000 	/System/Library/Frameworks/CoreData.framework/Versions/A/CoreData
0x000000001054e000 	/System/Library/PrivateFrameworks/RemoteViewServices.framework/Versions/A/RemoteViewServices
0x000000001054e000 	/System/Library/PrivateFrameworks/UIFoundation.framework/Versions/A/UIFoundation
0x000000001054e000 	/System/Library/PrivateFrameworks/XCTTargetBootstrap.framework/Versions/A/XCTTargetBootstrap
0x000000001054e000 	/System/Library/PrivateFrameworks/IconServices.framework/Versions/A/IconServices
0x000000001054e000 	/System/Library/Frameworks/Metal.framework/Versions/A/Metal
0x000000001054e000 	/System/Library/PrivateFrameworks/DesktopServicesPriv.framework/Versions/A/DesktopServicesPriv
0x000000001054e000 	/usr/lib/libenergytrace.dylib
0x000000001054e000 	/System/Library/PrivateFrameworks/SkyLight.framework/Versions/A/SkyLight
0x000000001054e000 	/System/Library/Frameworks/CoreGraphics.framework/Versions/A/CoreGraphics
0x000000001054e000 	/System/Library/Frameworks/Accelerate.framework/Versions/A/Accelerate
0x000000001054e000 	/System/Library/Frameworks/IOSurface.framework/Versions/A/IOSurface
0x000000001054e000 	/System/Library/PrivateFrameworks/DFRFoundation.framework/Versions/A/DFRFoundation
0x000000001054e000 	/System/Library/Frameworks/AudioToolbox.framework/Versions/A/AudioToolbox
0x000000001054e000 	/System/Library/Frameworks/AudioUnit.framework/Versions/A/AudioUnit
0x000000001054e000 	/System/Library/PrivateFrameworks/DataDetectorsCore.framework/Versions/A/DataDetectorsCore
0x000000001054e000 	/System/Library/Frameworks/Carbon.framework/Versions/A/Frameworks/HIToolbox.framework/Versions/A/HIToolbox
0x000000001054e000 	/usr/lib/libicucore.A.dylib
0x000000001054e000 	/System/Library/Frameworks/QuartzCore.framework/Versions/A/QuartzCore
0x000000001054e000 	/System/Library/Frameworks/Carbon.framework/Versions/A/Frameworks/SpeechRecognition.framework/Versions/A/SpeechRecognition
0x000000001054e000 	/usr/lib/libauto.dylib
0x000000001054e000 	/usr/lib/libxml2.2.dylib
0x000000001054e000 	/System/Library/PrivateFrameworks/CoreUI.framework/Versions/A/CoreUI
0x000000001054e000 	/System/Library/Frameworks/CoreAudio.framework/Versions/A/CoreAudio
0x000000001054e000 	/System/Library/Frameworks/DiskArbitration.framework/Versions/A/DiskArbitration
0x000000001054e000 	/usr/lib/liblangid.dylib
0x000000001054e000 	/System/Library/PrivateFrameworks/MultitouchSupport.framework/Versions/A/MultitouchSupport
0x000000001054e000 	/System/Library/Frameworks/IOKit.framework/Versions/A/IOKit
0x000000001054e000 	/usr/lib/libDiagnosticMessagesClient.dylib
0x000000001054e000 	/System/Library/Frameworks/CoreServices.framework/Versions/A/CoreServices
0x000000001054e000 	/System/Library/PrivateFrameworks/PerformanceAnalysis.framework/Versions/A/PerformanceAnalysis
0x000000001054e000 	/System/Library/Frameworks/OpenGL.framework/Versions/A/OpenGL
0x000000001054e000 	/System/Library/Frameworks/ColorSync.framework/Versions/A/ColorSync
0x000000001054e000 	/System/Library/Frameworks/CoreImage.framework/Versions/A/CoreImage
0x000000001054e000 	/System/Library/Frameworks/CoreText.framework/Versions/A/CoreText
0x000000001054e000 	/System/Library/Frameworks/ImageIO.framework/Versions/A/ImageIO
0x000000001054e000 	/System/Library/PrivateFrameworks/Backup.framework/Versions/A/Backup
0x000000001054e000 	/usr/lib/libarchive.2.dylib
0x000000001054e000 	/System/Library/Frameworks/CFNetwork.framework/Versions/A/CFNetwork
0x000000001054e000 	/System/Library/Frameworks/SystemConfiguration.framework/Versions/A/SystemConfiguration
0x000000001054e000 	/usr/lib/libCRFSuite.dylib
0x000000001054e000 	/usr/lib/libc++.1.dylib
0x000000001054e000 	/usr/lib/libc++abi.dylib
0x000000001054e000 	/usr/lib/system/libcache.dylib
0x000000001054e000 	/usr/lib/system/libcommonCrypto.dylib
0x000000001054e000 	/usr/lib/system/libcompiler_rt.dylib
0x000000001054e000 	/usr/lib/system/libcopyfile.dylib
0x000000001054e000 	/usr/lib/system/libcorecrypto.dylib
0x000000001054e000 	/usr/lib/system/libdispatch.dylib
0x000000001054e000 	/usr/lib/system/libdyld.dylib
0x000000001054e000 	/usr/lib/system/libkeymgr.dylib
0x000000001054e000 	/usr/lib/system/liblaunch.dylib
0x000000001054e000 	/usr/lib/system/libmacho.dylib
0x000000001054e000 	/usr/lib/system/libquarantine.dylib
0x000000001054e000 	/usr/lib/system/libremovefile.dylib
0x000000001054e000 	/usr/lib/system/libsystem_asl.dylib
0x000000001054e000 	/usr/lib/system/libsystem_blocks.dylib
0x000000001054e000 	/usr/lib/system/libsystem_c.dylib
0x000000001054e000 	/usr/lib/system/libsystem_configuration.dylib
0x000000001054e000 	/usr/lib/system/libsystem_coreservices.dylib
0x000000001054e000 	/usr/lib/system/libsystem_darwin.dylib
0x000000001054e000 	/usr/lib/system/libsystem_dnssd.dylib
0x000000001054e000 	/usr/lib/system/libsystem_info.dylib
0x000000001054e000 	/usr/lib/system/libsystem_m.dylib
0x000000001054e000 	/usr/lib/system/libsystem_malloc.dylib
0x000000001054e000 	/usr/lib/system/libsystem_networkextension.dylib
0x000000001054e000 	/usr/lib/system/libsystem_notify.dylib
0x000000001054e000 	/usr/lib/system/libsystem_sandbox.dylib
0x000000001054e000 	/usr/lib/system/libsystem_secinit.dylib
0x000000001054e000 	/usr/lib/system/libsystem_kernel.dylib
0x000000001054e000 	/usr/lib/system/libsystem_platform.dylib
0x000000001054e000 	/usr/lib/system/libsystem_pthread.dylib
0x000000001054e000 	/usr/lib/system/libsystem_symptoms.dylib
0x000000001054e000 	/usr/lib/system/libsystem_trace.dylib
0x000000001054e000 	/usr/lib/system/libunwind.dylib
0x000000001054e000 	/usr/lib/system/libxpc.dylib
0x000000001054e000 	/usr/lib/libbsm.0.dylib
0x000000001054e000 	/usr/lib/system/libkxld.dylib
0x000000001054e000 	/System/Library/PrivateFrameworks/AppleFSCompression.framework/Versions/A/AppleFSCompression
0x000000001054e000 	/usr/lib/libOpenScriptingUtil.dylib
0x000000001054e000 	/usr/lib/libcoretls.dylib
0x000000001054e000 	/usr/lib/libcoretls_cfhelpers.dylib
0x000000001054e000 	/usr/lib/libpam.2.dylib
0x000000001054e000 	/usr/lib/libsqlite3.dylib
0x000000001054e000 	/usr/lib/libxar.1.dylib
0x000000001054e000 	/usr/lib/libbz2.1.0.dylib
0x000000001054e000 	/usr/lib/liblzma.5.dylib
0x000000001054e000 	/usr/lib/libnetwork.dylib
0x000000001054e000 	/usr/lib/libapple_nghttp2.dylib
0x000000001054e000 	/usr/lib/libpcap.A.dylib
0x000000001054e000 	/System/Library/Frameworks/CoreServices.framework/Versions/A/Frameworks/FSEvents.framework/Versions/A/FSEvents
0x000000001054e000 	/System/Library/Frameworks/CoreServices.framework/Versions/A/Frameworks/CarbonCore.framework/Versions/A/CarbonCore
0x000000001054e000 	/System/Library/Frameworks/CoreServices.framework/Versions/A/Frameworks/Metadata.framework/Versions/A/Metadata
0x000000001054e000 	/System/Library/Frameworks/CoreServices.framework/Versions/A/Frameworks/OSServices.framework/Versions/A/OSServices
0x000000001054e000 	/System/Library/Frameworks/CoreServices.framework/Versions/A/Frameworks/SearchKit.framework/Versions/A/SearchKit
0x000000001054e000 	/System/Library/Frameworks/CoreServices.framework/Versions/A/Frameworks/AE.framework/Versions/A/AE
0x000000001054e000 	/System/Library/Frameworks/CoreServices.framework/Versions/A/Frameworks/LaunchServices.framework/Versions/A/LaunchServices
0x000000001054e000 	/System/Library/Frameworks/CoreServices.framework/Versions/A/Frameworks/DictionaryServices.framework/Versions/A/DictionaryServices
0x000000001054e000 	/System/Library/Frameworks/CoreServices.framework/Versions/A/Frameworks/SharedFileList.framework/Versions/A/SharedFileList
0x000000001054e000 	/System/Library/Frameworks/NetFS.framework/Versions/A/NetFS
0x000000001054e000 	/System/Library/PrivateFrameworks/NetAuth.framework/Versions/A/NetAuth
0x000000001054e000 	/System/Library/PrivateFrameworks/login.framework/Versions/A/Frameworks/loginsupport.framework/Versions/A/loginsupport
0x000000001054e000 	/System/Library/PrivateFrameworks/TCC.framework/Versions/A/TCC
0x000000001054e000 	/System/Library/PrivateFrameworks/CoreNLP.framework/Versions/A/CoreNLP
0x000000001054e000 	/System/Library/PrivateFrameworks/MetadataUtilities.framework/Versions/A/MetadataUtilities
0x000000001054e000 	/usr/lib/libmecabra.dylib
0x000000001054e000 	/System/Library/Frameworks/ApplicationServices.framework/Versions/A/Frameworks/ATS.framework/Versions/A/ATS
0x000000001054e000 	/System/Library/Frameworks/ApplicationServices.framework/Versions/A/Frameworks/ColorSyncLegacy.framework/Versions/A/ColorSyncLegacy
0x000000001054e000 	/System/Library/Frameworks/ApplicationServices.framework/Versions/A/Frameworks/HIServices.framework/Versions/A/HIServices
0x000000001054e000 	/System/Library/Frameworks/ApplicationServices.framework/Versions/A/Frameworks/LangAnalysis.framework/Versions/A/LangAnalysis
0x000000001054e000 	/System/Library/Frameworks/ApplicationServices.framework/Versions/A/Frameworks/PrintCore.framework/Versions/A/PrintCore
0x000000001054e000 	/System/Library/Frameworks/ApplicationServices.framework/Versions/A/Frameworks/QD.framework/Versions/A/QD
0x000000001054e000 	/System/Library/Frameworks/ApplicationServices.framework/Versions/A/Frameworks/SpeechSynthesis.framework/Versions/A/SpeechSynthesis
0x000000001054e000 	/usr/lib/libcompression.dylib
0x000000001054e000 	/System/Library/Frameworks/CoreDisplay.framework/Versions/A/CoreDisplay
0x000000001054e000 	/System/Library/Frameworks/MetalPerformanceShaders.framework/Versions/A/MetalPerformanceShaders
0x000000001054e000 	/System/Library/Frameworks/Accelerate.framework/Versions/A/Frameworks/vImage.framework/Versions/A/vImage
0x000000001054e000 	/System/Library/Frameworks/Accelerate.framework/Versions/A/Frameworks/vecLib.framework/Versions/A/vecLib
0x000000001054e000 	/System/Library/Frameworks/Accelerate.framework/Versions/A/Frameworks/vecLib.framework/Versions/A/libvMisc.dylib
0x000000001054e000 	/System/Library/Frameworks/Accelerate.framework/Versions/A/Frameworks/vecLib.framework/Versions/A/libvDSP.dylib
0x000000001054e000 	/System/Library/Frameworks/Accelerate.framework/Versions/A/Frameworks/vecLib.framework/Versions/A/libBLAS.dylib
0x000000001054e000 	/System/Library/Frameworks/Accelerate.framework/Versions/A/Frameworks/vecLib.framework/Versions/A/libLAPACK.dylib
0x000000001054e000 	/System/Library/Frameworks/Accelerate.framework/Versions/A/Frameworks/vecLib.framework/Versions/A/libLinearAlgebra.dylib
0x000000001054e000 	/System/Library/Frameworks/Accelerate.framework/Versions/A/Frameworks/vecLib.framework/Versions/A/libSparseBLAS.dylib
0x000000001054e000 	/System/Library/Frameworks/Accelerate.framework/Versions/A/Frameworks/vecLib.framework/Versions/A/libQuadrature.dylib
0x000000001054e000 	/System/Library/Frameworks/Accelerate.framework/Versions/A/Frameworks/vecLib.framework/Versions/A/libBNNS.dylib
0x000000001054e000 	/System/Library/Frameworks/Accelerate.framework/Versions/A/Frameworks/vecLib.framework/Versions/A/libSparse.dylib
0x000000001054e000 	/System/Library/PrivateFrameworks/GPUWrangler.framework/Versions/A/GPUWrangler
0x000000001054e000 	/System/Library/PrivateFrameworks/IOAccelerator.framework/Versions/A/IOAccelerator
0x000000001054e000 	/System/Library/PrivateFrameworks/IOPresentment.framework/Versions/A/IOPresentment
0x000000001054e000 	/System/Library/PrivateFrameworks/DSExternalDisplay.framework/Versions/A/DSExternalDisplay
0x000000001054e000 	/System/Library/Frameworks/OpenGL.framework/Versions/A/Libraries/libCoreFSCache.dylib
0x000000001054e000 	/System/Library/Frameworks/MetalPerformanceShaders.framework/Frameworks/MPSCore.framework/Versions/A/MPSCore
0x000000001054e000 	/System/Library/Frameworks/MetalPerformanceShaders.framework/Frameworks/MPSImage.framework/Versions/A/MPSImage
0x000000001054e000 	/System/Library/Frameworks/MetalPerformanceShaders.framework/Frameworks/MPSNeuralNetwork.framework/Versions/A/MPSNeuralNetwork
0x000000001054e000 	/System/Library/Frameworks/MetalPerformanceShaders.framework/Frameworks/MPSMatrix.framework/Versions/A/MPSMatrix
0x000000001054e000 	/System/Library/Frameworks/MetalPerformanceShaders.framework/Frameworks/MPSRayIntersector.framework/Versions/A/MPSRayIntersector
0x000000001054e000 	/System/Library/PrivateFrameworks/MetalTools.framework/Versions/A/MetalTools
0x000000001054e000 	/System/Library/PrivateFrameworks/AggregateDictionary.framework/Versions/A/AggregateDictionary
0x000000001054e000 	/usr/lib/libMobileGestalt.dylib
0x000000001054e000 	/System/Library/Frameworks/CoreVideo.framework/Versions/A/CoreVideo
0x000000001054e000 	/System/Library/PrivateFrameworks/GraphVisualizer.framework/Versions/A/GraphVisualizer
0x000000001054e000 	/System/Library/PrivateFrameworks/FaceCore.framework/Versions/A/FaceCore
0x000000001054e000 	/System/Library/Frameworks/OpenCL.framework/Versions/A/OpenCL
0x000000001054e000 	/usr/lib/libFosl_dynamic.dylib
0x000000001054e000 	/System/Library/PrivateFrameworks/OTSVG.framework/Versions/A/OTSVG
0x000000001054e000 	/System/Library/Frameworks/ApplicationServices.framework/Versions/A/Frameworks/ATS.framework/Versions/A/Resources/libFontParser.dylib
0x000000001054e000 	/System/Library/Frameworks/ApplicationServices.framework/Versions/A/Frameworks/ATS.framework/Versions/A/Resources/libFontRegistry.dylib
0x000000001054e000 	/System/Library/Frameworks/ImageIO.framework/Versions/A/Resources/libJPEG.dylib
0x000000001054e000 	/System/Library/Frameworks/ImageIO.framework/Versions/A/Resources/libTIFF.dylib
0x000000001054e000 	/System/Library/Frameworks/ImageIO.framework/Versions/A/Resources/libPng.dylib
0x000000001054e000 	/System/Library/Frameworks/ImageIO.framework/Versions/A/Resources/libGIF.dylib
0x000000001054e000 	/System/Library/Frameworks/ImageIO.framework/Versions/A/Resources/libJP2.dylib
0x000000001054e000 	/System/Library/Frameworks/ImageIO.framework/Versions/A/Resources/libRadiance.dylib
0x000000001054e000 	/System/Library/PrivateFrameworks/AppleJPEG.framework/Versions/A/AppleJPEG
0x000000001054e000 	/System/Library/Frameworks/OpenGL.framework/Versions/A/Libraries/libGFXShared.dylib
0x000000001054e000 	/System/Library/Frameworks/OpenGL.framework/Versions/A/Libraries/libGLU.dylib
0x000000001054e000 	/System/Library/Frameworks/OpenGL.framework/Versions/A/Libraries/libGL.dylib
0x000000001054e000 	/System/Library/Frameworks/OpenGL.framework/Versions/A/Libraries/libGLImage.dylib
0x000000001054e000 	/System/Library/Frameworks/OpenGL.framework/Versions/A/Libraries/libCVMSPluginSupport.dylib
0x000000001054e000 	/System/Library/Frameworks/OpenGL.framework/Versions/A/Libraries/libCoreVMClient.dylib
0x000000001054e000 	/usr/lib/libcups.2.dylib
0x000000001054e000 	/System/Library/Frameworks/Kerberos.framework/Versions/A/Kerberos
0x000000001054e000 	/System/Library/Frameworks/GSS.framework/Versions/A/GSS
0x000000001054e000 	/usr/lib/libresolv.9.dylib
0x000000001054e000 	/usr/lib/libiconv.2.dylib
0x000000001054e000 	/System/Library/PrivateFrameworks/Heimdal.framework/Versions/A/Heimdal
0x000000001054e000 	/usr/lib/libheimdal-asn1.dylib
0x000000001054e000 	/System/Library/Frameworks/OpenDirectory.framework/Versions/A/OpenDirectory
0x000000001054e000 	/System/Library/PrivateFrameworks/CommonAuth.framework/Versions/A/CommonAuth
0x000000001054e000 	/System/Library/Frameworks/OpenDirectory.framework/Versions/A/Frameworks/CFOpenDirectory.framework/Versions/A/CFOpenDirectory
0x000000001054e000 	/System/Library/Frameworks/SecurityFoundation.framework/Versions/A/SecurityFoundation
0x000000001054e000 	/System/Library/PrivateFrameworks/APFS.framework/Versions/A/APFS
0x000000001054e000 	/usr/lib/libutil.dylib
0x000000001054e000 	/usr/lib/libcharset.1.dylib
0x000000001054e000 	/System/Library/PrivateFrameworks/AppleSauce.framework/Versions/A/AppleSauce
0x000000001054e000 	/System/Library/PrivateFrameworks/AssertionServices.framework/Versions/A/AssertionServices
0x000000001054e000 	/System/Library/PrivateFrameworks/BaseBoard.framework/Versions/A/BaseBoard
0x000000001054e000 	/usr/lib/libmecab.1.0.0.dylib
0x000000001054e000 	/usr/lib/libgermantok.dylib
0x000000001054e000 	/usr/lib/libThaiTokenizer.dylib
0x000000001054e000 	/usr/lib/libChineseTokenizer.dylib
0x000000001054e000 	/System/Library/PrivateFrameworks/LanguageModeling.framework/Versions/A/LanguageModeling
0x000000001054e000 	/System/Library/PrivateFrameworks/CoreEmoji.framework/Versions/A/CoreEmoji
0x000000001054e000 	/System/Library/PrivateFrameworks/Lexicon.framework/Versions/A/Lexicon
0x000000001054e000 	/System/Library/PrivateFrameworks/LinguisticData.framework/Versions/A/LinguisticData
0x000000001054e000 	/usr/lib/libcmph.dylib
0x000000001054e000 	/System/Library/Frameworks/ServiceManagement.framework/Versions/A/ServiceManagement
0x000000001054e000 	/System/Library/PrivateFrameworks/BackgroundTaskManagement.framework/Versions/A/BackgroundTaskManagement
0x000000001054e000 	/usr/lib/libxslt.1.dylib
0x000000001054e000 	/System/Library/Frameworks/Carbon.framework/Versions/A/Frameworks/Ink.framework/Versions/A/Ink
0x000000001054e000 	/System/Library/PrivateFrameworks/TextureIO.framework/Versions/A/TextureIO
0x000000001054e000 	/usr/lib/libate.dylib
0x000000001054e000 	/System/Library/PrivateFrameworks/CrashReporterSupport.framework/Versions/A/CrashReporterSupport
0x000000001054e000 	/System/Library/PrivateFrameworks/Sharing.framework/Versions/A/Sharing
0x000000001054e000 	/System/Library/PrivateFrameworks/AuthKit.framework/Versions/A/AuthKit
0x000000001054e000 	/System/Library/PrivateFrameworks/Apple80211.framework/Versions/A/Apple80211
0x000000001054e000 	/System/Library/PrivateFrameworks/CoreUtils.framework/Versions/A/CoreUtils
0x000000001054e000 	/System/Library/Frameworks/CoreWLAN.framework/Versions/A/CoreWLAN
0x000000001054e000 	/System/Library/Frameworks/IOBluetooth.framework/Versions/A/IOBluetooth
0x000000001054e000 	/System/Library/PrivateFrameworks/ProtocolBuffer.framework/Versions/A/ProtocolBuffer
0x000000001054e000 	/System/Library/PrivateFrameworks/MobileKeyBag.framework/Versions/A/MobileKeyBag
0x000000001054e000 	/System/Library/PrivateFrameworks/CorePhoneNumbers.framework/Versions/A/CorePhoneNumbers
0x000000001054e000 	/System/Library/PrivateFrameworks/AppleIDAuthSupport.framework/Versions/A/AppleIDAuthSupport
0x000000001054e000 	/System/Library/PrivateFrameworks/KeychainCircle.framework/Versions/A/KeychainCircle
0x000000001054e000 	/System/Library/PrivateFrameworks/ROCKit.framework/Versions/A/ROCKit
0x000000001054e000 	/System/Library/PrivateFrameworks/CoreWiFi.framework/Versions/A/CoreWiFi
0x000000001054e000 	/System/Library/Frameworks/CoreBluetooth.framework/Versions/A/CoreBluetooth
0x000000001054e000 	/System/Library/PrivateFrameworks/DebugSymbols.framework/Versions/A/DebugSymbols
0x000000001054e000 	/System/Library/PrivateFrameworks/CoreSymbolication.framework/Versions/A/CoreSymbolication
0x000000001054e000 	/System/Library/PrivateFrameworks/Symbolication.framework/Versions/A/Symbolication
0x000000001054e000 	/System/Library/PrivateFrameworks/SpeechRecognitionCore.framework/Versions/A/SpeechRecognitionCore
0x0000000107600000 	/Library/Java/JavaVirtualMachines/jdk1.8.0_111.jdk/Contents/Home/jre/lib/server/libjvm.dylib
0x000000001054e000 	/usr/lib/libstdc++.6.dylib
0x0000000106d2c000 	/Library/Java/JavaVirtualMachines/jdk1.8.0_111.jdk/Contents/Home/jre/lib/libverify.dylib
0x0000000106d3a000 	/Library/Java/JavaVirtualMachines/jdk1.8.0_111.jdk/Contents/Home/jre/lib/libjava.dylib
0x0000000106db9000 	/Library/Java/JavaVirtualMachines/jdk1.8.0_111.jdk/Contents/Home/jre/lib/libzip.dylib
0x000000001054e000 	/System/Library/Frameworks/JavaVM.framework/Versions/A/Frameworks/JavaRuntimeSupport.framework/Versions/A/JavaRuntimeSupport
0x000000001054e000 	/System/Library/Frameworks/JavaVM.framework/Versions/A/Frameworks/JavaNativeFoundation.framework/Versions/A/JavaNativeFoundation
0x000000001054e000 	/System/Library/Frameworks/JavaVM.framework/Versions/A/JavaVM
0x000000001054e000 	/System/Library/Frameworks/Carbon.framework/Versions/A/Carbon
0x000000001054e000 	/System/Library/PrivateFrameworks/JavaLaunching.framework/Versions/A/JavaLaunching
0x000000001054e000 	/System/Library/Frameworks/Carbon.framework/Versions/A/Frameworks/CommonPanels.framework/Versions/A/CommonPanels
0x000000001054e000 	/System/Library/Frameworks/Carbon.framework/Versions/A/Frameworks/Help.framework/Versions/A/Help
0x000000001054e000 	/System/Library/Frameworks/Carbon.framework/Versions/A/Frameworks/ImageCapture.framework/Versions/A/ImageCapture
0x000000001054e000 	/System/Library/Frameworks/Carbon.framework/Versions/A/Frameworks/OpenScripting.framework/Versions/A/OpenScripting
0x000000001054e000 	/System/Library/Frameworks/Carbon.framework/Versions/A/Frameworks/Print.framework/Versions/A/Print
0x000000001054e000 	/System/Library/Frameworks/Carbon.framework/Versions/A/Frameworks/SecurityHI.framework/Versions/A/SecurityHI
0x000000011fa1b000 	/Library/Java/JavaVirtualMachines/jdk1.8.0_111.jdk/Contents/Home/jre/lib/libprism_es2.dylib
0x000000001054e000 	/System/Library/PrivateFrameworks/CoreServicesInternal.framework/Versions/A/CoreServicesInternal
0x000000001054e000 	/System/Library/Frameworks/OpenGL.framework/Versions/A/Resources/GLEngine.bundle/GLEngine
0x000000001054e000 	/System/Library/Frameworks/OpenGL.framework/Versions/A/Libraries/libGLProgrammability.dylib
0x000000001054e000 	/System/Library/Extensions/AppleIntelHD5000GraphicsGLDriver.bundle/Contents/MacOS/AppleIntelHD5000GraphicsGLDriver
0x000000001054e000 	/System/Library/PrivateFrameworks/GPUSupport.framework/Versions/A/Libraries/libGPUSupportMercury.dylib
0x000000001054e000 	/System/Library/Frameworks/OpenGL.framework/Versions/A/Resources/GLRendererFloat.bundle/GLRendererFloat
0x000000001054e000 	/System/Library/Frameworks/OpenCL.framework/Versions/A/Libraries/libcldcpuengine.dylib
0x000000001054e000 	/usr/lib/libcrypto.35.dylib
0x000000001054e000 	/System/Library/PrivateFrameworks/TrustEvaluationAgent.framework/Versions/A/TrustEvaluationAgent
0x0000000120461000 	/Library/Java/JavaVirtualMachines/jdk1.8.0_111.jdk/Contents/Home/jre/lib/libglass.dylib
0x000000001054e000 	/System/Library/CoreServices/RawCamera.bundle/Contents/MacOS/RawCamera
0x000000001054e000 	/System/Library/PrivateFrameworks/MobileAsset.framework/Versions/A/MobileAsset
0x000000001054e000 	/System/Library/PrivateFrameworks/StreamingZip.framework/Versions/A/StreamingZip
0x000000001054e000 	/System/Library/Frameworks/MediaToolbox.framework/Versions/A/MediaToolbox
0x000000001054e000 	/System/Library/PrivateFrameworks/CoreAVCHD.framework/Versions/A/CoreAVCHD
0x000000001054e000 	/System/Library/Frameworks/MediaAccessibility.framework/Versions/A/MediaAccessibility
0x000000001054e000 	/System/Library/PrivateFrameworks/Mangrove.framework/Versions/A/Mangrove
0x000000001054e000 	/System/Library/Frameworks/CoreMedia.framework/Versions/A/CoreMedia
0x000000001054e000 	/System/Library/Frameworks/VideoToolbox.framework/Versions/A/VideoToolbox
0x000000001054e000 	/System/Library/PrivateFrameworks/CoreAUC.framework/Versions/A/CoreAUC
0x000000001054e000 	/usr/lib/libspindump.dylib
0x000000001054e000 	/System/Library/PrivateFrameworks/AppleVA.framework/Versions/A/AppleVA
0x000000001054e000 	/System/Library/Frameworks/Accelerate.framework/Versions/A/Frameworks/vImage.framework/Versions/A/Libraries/libCGInterfaces.dylib
0x000000001054e000 	/System/Library/PrivateFrameworks/FamilyControls.framework/Versions/A/FamilyControls
0x000000001054e000 	/System/Library/PrivateFrameworks/CommerceKit.framework/Versions/A/Frameworks/CommerceCore.framework/Versions/A/CommerceCore
0x000000001054e000 	/System/Library/PrivateFrameworks/SystemAdministration.framework/Versions/A/SystemAdministration
0x000000001054e000 	/System/Library/PrivateFrameworks/AppContainer.framework/Versions/A/AppContainer
0x000000001054e000 	/System/Library/PrivateFrameworks/AppSandbox.framework/Versions/A/AppSandbox
0x000000001054e000 	/System/Library/PrivateFrameworks/SecCodeWrapper.framework/Versions/A/SecCodeWrapper
0x000000001054e000 	/usr/lib/libsandbox.1.dylib
0x000000001054e000 	/usr/lib/libMatch.1.dylib
0x000000001054e000 	/System/Library/PrivateFrameworks/DiskManagement.framework/Versions/A/DiskManagement
0x000000001054e000 	/System/Library/Frameworks/DirectoryService.framework/Versions/A/DirectoryService
0x000000001054e000 	/System/Library/PrivateFrameworks/DiskImages.framework/Versions/A/DiskImages
0x000000001054e000 	/System/Library/PrivateFrameworks/LoginUIKit.framework/Versions/A/Frameworks/LoginUICore.framework/Versions/A/LoginUICore
0x000000001054e000 	/usr/lib/libCoreStorage.dylib
0x000000001054e000 	/usr/lib/libcsfde.dylib
0x000000001054e000 	/usr/lib/libodfde.dylib
0x000000001054e000 	/System/Library/PrivateFrameworks/MediaKit.framework/Versions/A/MediaKit
0x000000001054e000 	/System/Library/Frameworks/DiscRecording.framework/Versions/A/DiscRecording
0x000000001054e000 	/System/Library/PrivateFrameworks/EFILogin.framework/Versions/A/EFILogin
0x000000001054e000 	/System/Library/PrivateFrameworks/ProtectedCloudStorage.framework/Versions/A/ProtectedCloudStorage
0x000000001054e000 	/usr/lib/libcurl.4.dylib
0x000000001054e000 	/usr/lib/libcrypto.42.dylib
0x000000001054e000 	/usr/lib/libssl.44.dylib
0x000000001054e000 	/System/Library/Frameworks/LDAP.framework/Versions/A/LDAP
0x000000001054e000 	/usr/lib/libsasl2.2.dylib
0x000000001054e000 	/System/Library/PrivateFrameworks/CoreDaemon.framework/Versions/B/CoreDaemon
0x000000001054e000 	/System/Library/PrivateFrameworks/AppleSRP.framework/Versions/A/AppleSRP
0x000000001054e000 	/System/Library/PrivateFrameworks/ViewBridge.framework/Versions/A/ViewBridge
0x000000001054e000 	/System/Library/Frameworks/ApplicationServices.framework/Versions/A/Frameworks/ATS.framework/Versions/A/Resources/libTrueTypeScaler.dylib
0x000000001054e000 	/System/Library/Extensions/AppleIntelHD5000GraphicsMTLDriver.bundle/Contents/MacOS/AppleIntelHD5000GraphicsMTLDriver
0x000000001054e000 	/System/Library/PrivateFrameworks/GPUCompiler.framework/Versions/3902/Libraries/libmetal_timestamp.dylib
0x00000001236e5000 	/Library/Java/JavaVirtualMachines/jdk1.8.0_111.jdk/Contents/Home/jre/lib/libjavafx_font.dylib
0x0000000123af1000 	/private/var/folders/tn/yrdlmwb11wq5k2545lxmjlv00000gp/T/sqlite-3.18.0-a6663eba-0fd6-4f41-b869-5cc8add7ceb0-libsqlitejdbc.jnilib
0x000000012292a000 	/usr/lib/libobjc-trampolines.dylib
0x00000001230d0000 	/Library/Java/JavaVirtualMachines/jdk1.8.0_111.jdk/Contents/Home/jre/lib/libprism_common.dylib
0x000000001054e000 	/System/Library/PrivateFrameworks/login.framework/Versions/A/login
0x0000000122f90000 	/Library/Java/JavaVirtualMachines/jdk1.8.0_111.jdk/Contents/Home/jre/lib/libawt.dylib
0x0000000124727000 	/Library/Java/JavaVirtualMachines/jdk1.8.0_111.jdk/Contents/Home/jre/lib/./libmlib_image.dylib
0x0000000124d03000 	/Library/Java/JavaVirtualMachines/jdk1.8.0_111.jdk/Contents/Home/jre/lib/libawt_lwawt.dylib
0x0000000122e0e000 	/Library/Java/JavaVirtualMachines/jdk1.8.0_111.jdk/Contents/Home/jre/lib/./libosxapp.dylib
0x000000001054e000 	/System/Library/Frameworks/ExceptionHandling.framework/Versions/A/ExceptionHandling
0x00000001247f3000 	/Library/Java/JavaVirtualMachines/jdk1.8.0_111.jdk/Contents/Home/jre/lib/libfontmanager.dylib
0x0000000122e5f000 	/Library/Java/JavaVirtualMachines/jdk1.8.0_111.jdk/Contents/Home/jre/lib/libosxui.dylib
0x0000000121e34000 	/Library/Java/JavaVirtualMachines/jdk1.8.0_111.jdk/Contents/Home/jre/lib/libnet.dylib
0x0000000123073000 	/Library/Java/JavaVirtualMachines/jdk1.8.0_111.jdk/Contents/Home/jre/lib/libnio.dylib

VM Arguments:
jvm_args: -Dfile.encoding=UTF-8 
java_command: /Users/sabapathy/Sabapathi/tnstc_case/ProductBill/dist/run211280769/ProductBill.jar
java_class_path (initial): /Users/sabapathy/Sabapathi/tnstc_case/ProductBill/dist/run211280769/ProductBill.jar
Launcher Type: SUN_STANDARD

Environment Variables:
PATH=/usr/bin:/bin:/usr/sbin:/sbin
LD_LIBRARY_PATH=/Library/Java/JavaVirtualMachines/jdk1.8.0_111.jdk/Contents/Home/jre/lib/amd64:/Library/Java/JavaVirtualMachines/jdk1.8.0_111.jdk/Contents/Home/jre/lib/i386:
SHELL=/bin/zsh

Signal Handlers:
SIGSEGV: [libjvm.dylib+0x5b03ed], sa_mask[0]=11111111011111110111111111111111, sa_flags=SA_ONSTACK|SA_RESTART|SA_SIGINFO
SIGBUS: [libjvm.dylib+0x5b03ed], sa_mask[0]=11111111011111110111111111111111, sa_flags=SA_RESTART|SA_SIGINFO
SIGFPE: [libjvm.dylib+0x48711c], sa_mask[0]=11111111011111110111111111111111, sa_flags=SA_RESTART|SA_SIGINFO
SIGPIPE: [libjvm.dylib+0x48711c], sa_mask[0]=11111111011111110111111111111111, sa_flags=SA_RESTART|SA_SIGINFO
SIGXFSZ: [libjvm.dylib+0x48711c], sa_mask[0]=11111111011111110111111111111111, sa_flags=SA_RESTART|SA_SIGINFO
SIGILL: [libjvm.dylib+0x48711c], sa_mask[0]=11111111011111110111111111111111, sa_flags=SA_RESTART|SA_SIGINFO
SIGUSR1: SIG_DFL, sa_mask[0]=11011111011111100000000111000110, sa_flags=none
SIGUSR2: [libjvm.dylib+0x486c3a], sa_mask[0]=00100000000000000000000000000000, sa_flags=SA_RESTART|SA_SIGINFO
SIGHUP: [libjvm.dylib+0x485211], sa_mask[0]=11111111011111110111111111111111, sa_flags=SA_RESTART|SA_SIGINFO
SIGINT: SIG_IGN, sa_mask[0]=00000000000000000000000000000000, sa_flags=none
SIGTERM: [libjvm.dylib+0x485211], sa_mask[0]=11111111011111110111111111111111, sa_flags=SA_RESTART|SA_SIGINFO
SIGQUIT: [libjvm.dylib+0x485211], sa_mask[0]=11111111011111110111111111111111, sa_flags=SA_RESTART|SA_SIGINFO


---------------  S Y S T E M  ---------------

OS:Bsduname:Darwin 18.2.0 Darwin Kernel Version 18.2.0: Thu Dec 20 20:46:53 PST 2018; root:xnu-4903.241.1~1/RELEASE_X86_64 x86_64
rlimit: STACK 8192k, CORE 0k, NPROC 709, NOFILE 10240, AS infinity
load average:2.69 2.42 2.30

CPU:total 4 (2 cores per cpu, 2 threads per core) family 6 model 69 stepping 1, cmov, cx8, fxsr, mmx, sse, sse2, sse3, ssse3, sse4.1, sse4.2, popcnt, avx, avx2, aes, clmul, erms, lzcnt, ht, tsc, tscinvbit, bmi1, bmi2

Memory: 4k page, physical 8388608k(265060k free)

/proc/meminfo:


vm_info: Java HotSpot(TM) 64-Bit Server VM (25.111-b14) for bsd-amd64 JRE (1.8.0_111-b14), built on Sep 22 2016 15:31:41 by "java_re" with gcc 4.2.1 (Based on Apple Inc. build 5658) (LLVM build 2336.11.00)

time: Mon Mar 11 13:52:09 2019
elapsed time: 35 seconds (0d 0h 0m 35s)

